<?xml version="1.0" encoding="utf-8"?><testsuites name="pytest tests"><testsuite name="pytest" errors="0" failures="0" skipped="0" tests="8" time="1.115" timestamp="2026-04-12T10:52:48.290010+00:00" hostname="agent-env-152afe8d-7b28-4b7b-9753-fd1b2ec8bb7b"><testcase classname="backend.tests.test_api.TestVolunteers" name="test_post_volunteer" time="0.179" /><testcase classname="backend.tests.test_api.TestVolunteers" name="test_post_volunteer_minimal" time="0.111" /><testcase classname="backend.tests.test_api.TestVolunteers" name="test_post_volunteer_missing_name" time="0.137" /><testcase classname="backend.tests.test_api.TestVolunteers" name="test_post_volunteer_missing_email" time="0.135" /><testcase classname="backend.tests.test_api.TestVolunteers" name="test_get_volunteers" time="0.097" /><testcase classname="backend.tests.test_api.TestContact" name="test_post_contact" time="0.108" /><testcase classname="backend.tests.test_api.TestContact" name="test_post_contact_missing_message" time="0.109" /><testcase classname="backend.tests.test_api.TestContact" name="test_get_contact_messages" time="0.154" /></testsuite></testsuites>